<?xml version="1.0" encoding="UTF-8"?>
<!-- Generated by org.testng.reporters.JUnitReportReporter -->
<testsuite hostname="DESKTOP-3BP8S7P" failures="0" tests="2" name="parallel.TestRunner" time="2.766" errors="2" timestamp="2023-03-06T12:31:52 CST" skipped="0">
  <testcase classname="parallel.TestRunner" name="runScenario" time="2.024">
    <error message="Cannot invoke &quot;org.openqa.selenium.SearchContext.findElement(org.openqa.selenium.By)&quot; because &quot;this.searchContext&quot; is null" type="java.lang.NullPointerException">
      <![CDATA[java.lang.NullPointerException: Cannot invoke "org.openqa.selenium.SearchContext.findElement(org.openqa.selenium.By)" because "this.searchContext" is null
at org.openqa.selenium.support.pagefactory.DefaultElementLocator.findElement(DefaultElementLocator.java:70)
at org.openqa.selenium.support.pagefactory.internal.LocatingElementHandler.invoke(LocatingElementHandler.java:39)
at jdk.proxy2/jdk.proxy2.$Proxy29.clear(Unknown Source)
at pageObjects.HomePage.SearchProduct(HomePage.java:45)
at parallel.SearchProductSteps.user_search_a(SearchProductSteps.java:22)
at ✽.user search a "iPhone"(file:///C:/Users/13313/Desktop/Testing%20Material/OpenCart_Cucumber/src/test/resources/Features/SearchProduct.feature:7)
]]>
    </error>
  </testcase> <!-- runScenario -->
  <system-out/>
  <testcase classname="parallel.TestRunner" name="runScenario" time="0.742">
    <error message="Cannot invoke &quot;org.openqa.selenium.SearchContext.findElement(org.openqa.selenium.By)&quot; because &quot;this.searchContext&quot; is null" type="java.lang.NullPointerException">
      <![CDATA[java.lang.NullPointerException: Cannot invoke "org.openqa.selenium.SearchContext.findElement(org.openqa.selenium.By)" because "this.searchContext" is null
at org.openqa.selenium.support.pagefactory.DefaultElementLocator.findElement(DefaultElementLocator.java:70)
at org.openqa.selenium.support.pagefactory.internal.LocatingElementHandler.invoke(LocatingElementHandler.java:39)
at jdk.proxy2/jdk.proxy2.$Proxy29.click(Unknown Source)
at pageObjects.HomePage.clickMyAccount(HomePage.java:35)
at parallel.LoginSteps.user_clicks_on_login_after_navigating_to_my_account_menu(LoginSteps.java:72)
at ✽.user clicks on Login after navigating to My Account menu(file:///C:/Users/13313/Desktop/Testing%20Material/OpenCart_Cucumber/src/test/resources/Features/Login.feature:7)
]]>
    </error>
  </testcase> <!-- runScenario -->
  <system-out/>
</testsuite> <!-- parallel.TestRunner -->
